Determining if the pthread_create exist failed with the following output:
Change Dir: /home/nvidia/code/tensorRT/mibileNet_SSD_TensorRT_Robocon2019/build_set/CMakeFiles/CMakeTmp

Run Build Command:"/usr/bin/make" "cmTC_7e86f/fast"
/usr/bin/make -f CMakeFiles/cmTC_7e86f.dir/build.make CMakeFiles/cmTC_7e86f.dir/build
make[1]: Entering directory '/home/nvidia/code/tensorRT/mibileNet_SSD_TensorRT_Robocon2019/build_set/CMakeFiles/CMakeTmp'
Building C object CMakeFiles/cmTC_7e86f.dir/CheckSymbolExists.c.o
/usr/bin/cc    -fPIC    -o CMakeFiles/cmTC_7e86f.dir/CheckSymbolExists.c.o   -c /home/nvidia/code/tensorRT/mibileNet_SSD_TensorRT_Robocon2019/build_set/CMakeFiles/CMakeTmp/CheckSymbolExists.c
Linking C executable cmTC_7e86f
/usr/bin/cmake -E cmake_link_script CMakeFiles/cmTC_7e86f.dir/link.txt --verbose=1
/usr/bin/cc  -fPIC     CMakeFiles/cmTC_7e86f.dir/CheckSymbolExists.c.o  -o cmTC_7e86f -rdynamic 
CMakeFiles/cmTC_7e86f.dir/CheckSymbolExists.c.o: In function `main':
CheckSymbolExists.c:(.text+0x14): undefined reference to `pthread_create'
CheckSymbolExists.c:(.text+0x18): undefined reference to `pthread_create'
collect2: error: ld returned 1 exit status
CMakeFiles/cmTC_7e86f.dir/build.make:97: recipe for target 'cmTC_7e86f' failed
make[1]: *** [cmTC_7e86f] Error 1
make[1]: Leaving directory '/home/nvidia/code/tensorRT/mibileNet_SSD_TensorRT_Robocon2019/build_set/CMakeFiles/CMakeTmp'
Makefile:126: recipe for target 'cmTC_7e86f/fast' failed
make: *** [cmTC_7e86f/fast] Error 2

File /home/nvidia/code/tensorRT/mibileNet_SSD_TensorRT_Robocon2019/build_set/CMakeFiles/CMakeTmp/CheckSymbolExists.c:
/* */
#include <pthread.h>

int main(int argc, char** argv)
{
  (void)argv;
#ifndef pthread_create
  return ((int*)(&pthread_create))[argc];
#else
  (void)argc;
  return 0;
#endif
}

Determining if the function pthread_create exists in the pthreads failed with the following output:
Change Dir: /home/nvidia/code/tensorRT/mibileNet_SSD_TensorRT_Robocon2019/build_set/CMakeFiles/CMakeTmp

Run Build Command:"/usr/bin/make" "cmTC_a412a/fast"
/usr/bin/make -f CMakeFiles/cmTC_a412a.dir/build.make CMakeFiles/cmTC_a412a.dir/build
make[1]: Entering directory '/home/nvidia/code/tensorRT/mibileNet_SSD_TensorRT_Robocon2019/build_set/CMakeFiles/CMakeTmp'
Building C object CMakeFiles/cmTC_a412a.dir/CheckFunctionExists.c.o
/usr/bin/cc    -fPIC -DCHECK_FUNCTION_EXISTS=pthread_create   -o CMakeFiles/cmTC_a412a.dir/CheckFunctionExists.c.o   -c /usr/share/cmake-3.5/Modules/CheckFunctionExists.c
Linking C executable cmTC_a412a
/usr/bin/cmake -E cmake_link_script CMakeFiles/cmTC_a412a.dir/link.txt --verbose=1
/usr/bin/cc  -fPIC -DCHECK_FUNCTION_EXISTS=pthread_create    CMakeFiles/cmTC_a412a.dir/CheckFunctionExists.c.o  -o cmTC_a412a -rdynamic -lpthreads 
/usr/bin/ld: cannot find -lpthreads
collect2: error: ld returned 1 exit status
CMakeFiles/cmTC_a412a.dir/build.make:97: recipe for target 'cmTC_a412a' failed
make[1]: *** [cmTC_a412a] Error 1
make[1]: Leaving directory '/home/nvidia/code/tensorRT/mibileNet_SSD_TensorRT_Robocon2019/build_set/CMakeFiles/CMakeTmp'
Makefile:126: recipe for target 'cmTC_a412a/fast' failed
make: *** [cmTC_a412a/fast] Error 2


